[0.083s] DEBUG:colcon:Command line arguments: ['/usr/bin/colcon', 'list', '-p', '--base-paths', '/home/prathmesh2931/ey_task4b/src']
[0.083s] DEBUG:colcon:Parsed command line arguments: Namespace(log_base=None, log_level=None, verb_name='list', build_base='build', ignore_user_meta=False, metas=['./colcon.meta'], base_paths=['/home/prathmesh2931/ey_task4b/src'], packages_ignore=None, packages_ignore_regex=None, paths=None, packages_up_to=None, packages_up_to_regex=None, packages_above=None, packages_above_and_dependencies=None, packages_above_depth=None, packages_select_by_dep=None, packages_skip_by_dep=None, packages_skip_up_to=None, packages_select_build_failed=False, packages_skip_build_finished=False, packages_select_test_failures=False, packages_skip_test_passed=False, packages_select=None, packages_skip=None, packages_select_regex=None, packages_skip_regex=None, packages_start=None, packages_end=None, allow_overriding=[], topological_order=False, names_only=False, paths_only=True, topological_graph=False, topological_graph_dot=False, topological_graph_density=False, topological_graph_legend=False, topological_graph_dot_cluster=False, topological_graph_dot_include_skipped=False, verb_parser=<colcon_defaults.argument_parser.defaults.DefaultArgumentsDecorator object at 0x7dd08b45cdf0>, verb_extension=<colcon_package_information.verb.list.ListVerb object at 0x7dd08b427f70>, main=<bound method ListVerb.main of <colcon_package_information.verb.list.ListVerb object at 0x7dd08b427f70>>)
[0.302s] Level 1:colcon.colcon_core.package_discovery:discover_packages(colcon_meta) check parameters
[0.302s] Level 1:colcon.colcon_core.package_discovery:discover_packages(recursive) check parameters
[0.302s] Level 1:colcon.colcon_core.package_discovery:discover_packages(ignore) check parameters
[0.302s] Level 1:colcon.colcon_core.package_discovery:discover_packages(path) check parameters
[0.302s] Level 1:colcon.colcon_core.package_discovery:discover_packages(recursive) discover
[0.302s] INFO:colcon.colcon_core.package_discovery:Crawling recursively for packages in '/home/prathmesh2931/ey_task4b/src'
[0.302s] Level 1:colcon.colcon_core.package_identification:_identify(/home/prathmesh2931/ey_task4b/src) by extensions ['ignore', 'ignore_ament_install']
[0.302s] Level 1:colcon.colcon_core.package_identification:_identify(/home/prathmesh2931/ey_task4b/src) by extension 'ignore'
[0.302s] Level 1:colcon.colcon_core.package_identification:_identify(/home/prathmesh2931/ey_task4b/src) by extension 'ignore_ament_install'
[0.302s] Level 1:colcon.colcon_core.package_identification:_identify(/home/prathmesh2931/ey_task4b/src) by extensions ['colcon_pkg']
[0.302s] Level 1:colcon.colcon_core.package_identification:_identify(/home/prathmesh2931/ey_task4b/src) by extension 'colcon_pkg'
[0.302s] Level 1:colcon.colcon_core.package_identification:_identify(/home/prathmesh2931/ey_task4b/src) by extensions ['colcon_meta']
[0.302s] Level 1:colcon.colcon_core.package_identification:_identify(/home/prathmesh2931/ey_task4b/src) by extension 'colcon_meta'
[0.303s] Level 1:colcon.colcon_core.package_identification:_identify(/home/prathmesh2931/ey_task4b/src) by extensions ['ros']
[0.303s] Level 1:colcon.colcon_core.package_identification:_identify(/home/prathmesh2931/ey_task4b/src) by extension 'ros'
[0.311s] Level 1:colcon.colcon_core.package_identification:_identify(/home/prathmesh2931/ey_task4b/src) by extensions ['cmake', 'python']
[0.311s] Level 1:colcon.colcon_core.package_identification:_identify(/home/prathmesh2931/ey_task4b/src) by extension 'cmake'
[0.311s] Level 1:colcon.colcon_core.package_identification:_identify(/home/prathmesh2931/ey_task4b/src) by extension 'python'
[0.311s] Level 1:colcon.colcon_core.package_identification:_identify(/home/prathmesh2931/ey_task4b/src) by extensions ['python_setup_py']
[0.311s] Level 1:colcon.colcon_core.package_identification:_identify(/home/prathmesh2931/ey_task4b/src) by extension 'python_setup_py'
[0.311s] Level 1:colcon.colcon_core.package_identification:_identify(/home/prathmesh2931/ey_task4b/src/log) by extensions ['ignore', 'ignore_ament_install']
[0.311s] Level 1:colcon.colcon_core.package_identification:_identify(/home/prathmesh2931/ey_task4b/src/log) by extension 'ignore'
[0.311s] Level 1:colcon.colcon_core.package_identification:_identify(/home/prathmesh2931/ey_task4b/src/log) ignored
[0.311s] Level 1:colcon.colcon_core.package_identification:_identify(/home/prathmesh2931/ey_task4b/src/src) by extensions ['ignore', 'ignore_ament_install']
[0.311s] Level 1:colcon.colcon_core.package_identification:_identify(/home/prathmesh2931/ey_task4b/src/src) by extension 'ignore'
[0.311s] Level 1:colcon.colcon_core.package_identification:_identify(/home/prathmesh2931/ey_task4b/src/src) by extension 'ignore_ament_install'
[0.312s] Level 1:colcon.colcon_core.package_identification:_identify(/home/prathmesh2931/ey_task4b/src/src) by extensions ['colcon_pkg']
[0.312s] Level 1:colcon.colcon_core.package_identification:_identify(/home/prathmesh2931/ey_task4b/src/src) by extension 'colcon_pkg'
[0.312s] Level 1:colcon.colcon_core.package_identification:_identify(/home/prathmesh2931/ey_task4b/src/src) by extensions ['colcon_meta']
[0.312s] Level 1:colcon.colcon_core.package_identification:_identify(/home/prathmesh2931/ey_task4b/src/src) by extension 'colcon_meta'
[0.312s] Level 1:colcon.colcon_core.package_identification:_identify(/home/prathmesh2931/ey_task4b/src/src) by extensions ['ros']
[0.312s] Level 1:colcon.colcon_core.package_identification:_identify(/home/prathmesh2931/ey_task4b/src/src) by extension 'ros'
[0.312s] Level 1:colcon.colcon_core.package_identification:_identify(/home/prathmesh2931/ey_task4b/src/src) by extensions ['cmake', 'python']
[0.312s] Level 1:colcon.colcon_core.package_identification:_identify(/home/prathmesh2931/ey_task4b/src/src) by extension 'cmake'
[0.312s] Level 1:colcon.colcon_core.package_identification:_identify(/home/prathmesh2931/ey_task4b/src/src) by extension 'python'
[0.312s] Level 1:colcon.colcon_core.package_identification:_identify(/home/prathmesh2931/ey_task4b/src/src) by extensions ['python_setup_py']
[0.312s] Level 1:colcon.colcon_core.package_identification:_identify(/home/prathmesh2931/ey_task4b/src/src) by extension 'python_setup_py'
[0.312s] Level 1:colcon.colcon_core.package_identification:_identify(/home/prathmesh2931/ey_task4b/src/src/ebot_description) by extensions ['ignore', 'ignore_ament_install']
[0.312s] Level 1:colcon.colcon_core.package_identification:_identify(/home/prathmesh2931/ey_task4b/src/src/ebot_description) by extension 'ignore'
[0.312s] Level 1:colcon.colcon_core.package_identification:_identify(/home/prathmesh2931/ey_task4b/src/src/ebot_description) by extension 'ignore_ament_install'
[0.312s] Level 1:colcon.colcon_core.package_identification:_identify(/home/prathmesh2931/ey_task4b/src/src/ebot_description) by extensions ['colcon_pkg']
[0.312s] Level 1:colcon.colcon_core.package_identification:_identify(/home/prathmesh2931/ey_task4b/src/src/ebot_description) by extension 'colcon_pkg'
[0.312s] Level 1:colcon.colcon_core.package_identification:_identify(/home/prathmesh2931/ey_task4b/src/src/ebot_description) by extensions ['colcon_meta']
[0.312s] Level 1:colcon.colcon_core.package_identification:_identify(/home/prathmesh2931/ey_task4b/src/src/ebot_description) by extension 'colcon_meta'
[0.312s] Level 1:colcon.colcon_core.package_identification:_identify(/home/prathmesh2931/ey_task4b/src/src/ebot_description) by extensions ['ros']
[0.312s] Level 1:colcon.colcon_core.package_identification:_identify(/home/prathmesh2931/ey_task4b/src/src/ebot_description) by extension 'ros'
[0.314s] DEBUG:colcon.colcon_core.package_identification:Package '/home/prathmesh2931/ey_task4b/src/src/ebot_description' with type 'ros.ament_cmake' and name 'ebot_description'
[0.314s] Level 1:colcon.colcon_core.package_identification:_identify(/home/prathmesh2931/ey_task4b/src/src/ebot_docking) by extensions ['ignore', 'ignore_ament_install']
[0.314s] Level 1:colcon.colcon_core.package_identification:_identify(/home/prathmesh2931/ey_task4b/src/src/ebot_docking) by extension 'ignore'
[0.314s] Level 1:colcon.colcon_core.package_identification:_identify(/home/prathmesh2931/ey_task4b/src/src/ebot_docking) by extension 'ignore_ament_install'
[0.314s] Level 1:colcon.colcon_core.package_identification:_identify(/home/prathmesh2931/ey_task4b/src/src/ebot_docking) by extensions ['colcon_pkg']
[0.314s] Level 1:colcon.colcon_core.package_identification:_identify(/home/prathmesh2931/ey_task4b/src/src/ebot_docking) by extension 'colcon_pkg'
[0.314s] Level 1:colcon.colcon_core.package_identification:_identify(/home/prathmesh2931/ey_task4b/src/src/ebot_docking) by extensions ['colcon_meta']
[0.314s] Level 1:colcon.colcon_core.package_identification:_identify(/home/prathmesh2931/ey_task4b/src/src/ebot_docking) by extension 'colcon_meta'
[0.315s] Level 1:colcon.colcon_core.package_identification:_identify(/home/prathmesh2931/ey_task4b/src/src/ebot_docking) by extensions ['ros']
[0.315s] Level 1:colcon.colcon_core.package_identification:_identify(/home/prathmesh2931/ey_task4b/src/src/ebot_docking) by extension 'ros'
[0.315s] DEBUG:colcon.colcon_core.package_identification:Package '/home/prathmesh2931/ey_task4b/src/src/ebot_docking' with type 'ros.ament_cmake' and name 'ebot_docking'
[0.315s] Level 1:colcon.colcon_core.package_identification:_identify(/home/prathmesh2931/ey_task4b/src/src/ebot_nav2) by extensions ['ignore', 'ignore_ament_install']
[0.315s] Level 1:colcon.colcon_core.package_identification:_identify(/home/prathmesh2931/ey_task4b/src/src/ebot_nav2) by extension 'ignore'
[0.316s] Level 1:colcon.colcon_core.package_identification:_identify(/home/prathmesh2931/ey_task4b/src/src/ebot_nav2) by extension 'ignore_ament_install'
[0.316s] Level 1:colcon.colcon_core.package_identification:_identify(/home/prathmesh2931/ey_task4b/src/src/ebot_nav2) by extensions ['colcon_pkg']
[0.316s] Level 1:colcon.colcon_core.package_identification:_identify(/home/prathmesh2931/ey_task4b/src/src/ebot_nav2) by extension 'colcon_pkg'
[0.316s] Level 1:colcon.colcon_core.package_identification:_identify(/home/prathmesh2931/ey_task4b/src/src/ebot_nav2) by extensions ['colcon_meta']
[0.316s] Level 1:colcon.colcon_core.package_identification:_identify(/home/prathmesh2931/ey_task4b/src/src/ebot_nav2) by extension 'colcon_meta'
[0.316s] Level 1:colcon.colcon_core.package_identification:_identify(/home/prathmesh2931/ey_task4b/src/src/ebot_nav2) by extensions ['ros']
[0.316s] Level 1:colcon.colcon_core.package_identification:_identify(/home/prathmesh2931/ey_task4b/src/src/ebot_nav2) by extension 'ros'
[0.317s] DEBUG:colcon.colcon_core.package_identification:Package '/home/prathmesh2931/ey_task4b/src/src/ebot_nav2' with type 'ros.ament_cmake' and name 'ebot_nav2'
[0.317s] Level 1:colcon.colcon_core.package_identification:_identify(/home/prathmesh2931/ey_task4b/src/src/eyantra_warehouse) by extensions ['ignore', 'ignore_ament_install']
[0.317s] Level 1:colcon.colcon_core.package_identification:_identify(/home/prathmesh2931/ey_task4b/src/src/eyantra_warehouse) by extension 'ignore'
[0.317s] Level 1:colcon.colcon_core.package_identification:_identify(/home/prathmesh2931/ey_task4b/src/src/eyantra_warehouse) by extension 'ignore_ament_install'
[0.317s] Level 1:colcon.colcon_core.package_identification:_identify(/home/prathmesh2931/ey_task4b/src/src/eyantra_warehouse) by extensions ['colcon_pkg']
[0.317s] Level 1:colcon.colcon_core.package_identification:_identify(/home/prathmesh2931/ey_task4b/src/src/eyantra_warehouse) by extension 'colcon_pkg'
[0.317s] Level 1:colcon.colcon_core.package_identification:_identify(/home/prathmesh2931/ey_task4b/src/src/eyantra_warehouse) by extensions ['colcon_meta']
[0.317s] Level 1:colcon.colcon_core.package_identification:_identify(/home/prathmesh2931/ey_task4b/src/src/eyantra_warehouse) by extension 'colcon_meta'
[0.317s] Level 1:colcon.colcon_core.package_identification:_identify(/home/prathmesh2931/ey_task4b/src/src/eyantra_warehouse) by extensions ['ros']
[0.317s] Level 1:colcon.colcon_core.package_identification:_identify(/home/prathmesh2931/ey_task4b/src/src/eyantra_warehouse) by extension 'ros'
[0.318s] DEBUG:colcon.colcon_core.package_identification:Package '/home/prathmesh2931/ey_task4b/src/src/eyantra_warehouse' with type 'ros.ament_cmake' and name 'eyantra_warehouse'
[0.318s] Level 1:colcon.colcon_core.package_identification:_identify(/home/prathmesh2931/ey_task4b/src/src/linkattacher_msgs) by extensions ['ignore', 'ignore_ament_install']
[0.318s] Level 1:colcon.colcon_core.package_identification:_identify(/home/prathmesh2931/ey_task4b/src/src/linkattacher_msgs) by extension 'ignore'
[0.318s] Level 1:colcon.colcon_core.package_identification:_identify(/home/prathmesh2931/ey_task4b/src/src/linkattacher_msgs) by extension 'ignore_ament_install'
[0.318s] Level 1:colcon.colcon_core.package_identification:_identify(/home/prathmesh2931/ey_task4b/src/src/linkattacher_msgs) by extensions ['colcon_pkg']
[0.318s] Level 1:colcon.colcon_core.package_identification:_identify(/home/prathmesh2931/ey_task4b/src/src/linkattacher_msgs) by extension 'colcon_pkg'
[0.318s] Level 1:colcon.colcon_core.package_identification:_identify(/home/prathmesh2931/ey_task4b/src/src/linkattacher_msgs) by extensions ['colcon_meta']
[0.318s] Level 1:colcon.colcon_core.package_identification:_identify(/home/prathmesh2931/ey_task4b/src/src/linkattacher_msgs) by extension 'colcon_meta'
[0.318s] Level 1:colcon.colcon_core.package_identification:_identify(/home/prathmesh2931/ey_task4b/src/src/linkattacher_msgs) by extensions ['ros']
[0.318s] Level 1:colcon.colcon_core.package_identification:_identify(/home/prathmesh2931/ey_task4b/src/src/linkattacher_msgs) by extension 'ros'
[0.319s] DEBUG:colcon.colcon_core.package_identification:Package '/home/prathmesh2931/ey_task4b/src/src/linkattacher_msgs' with type 'ros.ament_cmake' and name 'linkattacher_msgs'
[0.319s] Level 1:colcon.colcon_core.package_identification:_identify(/home/prathmesh2931/ey_task4b/src/src/payload_service) by extensions ['ignore', 'ignore_ament_install']
[0.319s] Level 1:colcon.colcon_core.package_identification:_identify(/home/prathmesh2931/ey_task4b/src/src/payload_service) by extension 'ignore'
[0.319s] Level 1:colcon.colcon_core.package_identification:_identify(/home/prathmesh2931/ey_task4b/src/src/payload_service) by extension 'ignore_ament_install'
[0.319s] Level 1:colcon.colcon_core.package_identification:_identify(/home/prathmesh2931/ey_task4b/src/src/payload_service) by extensions ['colcon_pkg']
[0.319s] Level 1:colcon.colcon_core.package_identification:_identify(/home/prathmesh2931/ey_task4b/src/src/payload_service) by extension 'colcon_pkg'
[0.319s] Level 1:colcon.colcon_core.package_identification:_identify(/home/prathmesh2931/ey_task4b/src/src/payload_service) by extensions ['colcon_meta']
[0.319s] Level 1:colcon.colcon_core.package_identification:_identify(/home/prathmesh2931/ey_task4b/src/src/payload_service) by extension 'colcon_meta'
[0.319s] Level 1:colcon.colcon_core.package_identification:_identify(/home/prathmesh2931/ey_task4b/src/src/payload_service) by extensions ['ros']
[0.319s] Level 1:colcon.colcon_core.package_identification:_identify(/home/prathmesh2931/ey_task4b/src/src/payload_service) by extension 'ros'
[0.319s] DEBUG:colcon.colcon_core.package_identification:Package '/home/prathmesh2931/ey_task4b/src/src/payload_service' with type 'ros.ament_cmake' and name 'payload_service'
[0.319s] Level 1:colcon.colcon_core.package_identification:_identify(/home/prathmesh2931/ey_task4b/src/src/pymoveit2) by extensions ['ignore', 'ignore_ament_install']
[0.320s] Level 1:colcon.colcon_core.package_identification:_identify(/home/prathmesh2931/ey_task4b/src/src/pymoveit2) by extension 'ignore'
[0.320s] Level 1:colcon.colcon_core.package_identification:_identify(/home/prathmesh2931/ey_task4b/src/src/pymoveit2) by extension 'ignore_ament_install'
[0.320s] Level 1:colcon.colcon_core.package_identification:_identify(/home/prathmesh2931/ey_task4b/src/src/pymoveit2) by extensions ['colcon_pkg']
[0.320s] Level 1:colcon.colcon_core.package_identification:_identify(/home/prathmesh2931/ey_task4b/src/src/pymoveit2) by extension 'colcon_pkg'
[0.320s] Level 1:colcon.colcon_core.package_identification:_identify(/home/prathmesh2931/ey_task4b/src/src/pymoveit2) by extensions ['colcon_meta']
[0.320s] Level 1:colcon.colcon_core.package_identification:_identify(/home/prathmesh2931/ey_task4b/src/src/pymoveit2) by extension 'colcon_meta'
[0.320s] Level 1:colcon.colcon_core.package_identification:_identify(/home/prathmesh2931/ey_task4b/src/src/pymoveit2) by extensions ['ros']
[0.320s] Level 1:colcon.colcon_core.package_identification:_identify(/home/prathmesh2931/ey_task4b/src/src/pymoveit2) by extension 'ros'
[0.320s] DEBUG:colcon.colcon_core.package_identification:Package '/home/prathmesh2931/ey_task4b/src/src/pymoveit2' with type 'ros.ament_cmake' and name 'pymoveit2'
[0.320s] Level 1:colcon.colcon_core.package_identification:_identify(/home/prathmesh2931/ey_task4b/src/src/realsense_gazebo_plugin) by extensions ['ignore', 'ignore_ament_install']
[0.320s] Level 1:colcon.colcon_core.package_identification:_identify(/home/prathmesh2931/ey_task4b/src/src/realsense_gazebo_plugin) by extension 'ignore'
[0.320s] Level 1:colcon.colcon_core.package_identification:_identify(/home/prathmesh2931/ey_task4b/src/src/realsense_gazebo_plugin) by extension 'ignore_ament_install'
[0.320s] Level 1:colcon.colcon_core.package_identification:_identify(/home/prathmesh2931/ey_task4b/src/src/realsense_gazebo_plugin) by extensions ['colcon_pkg']
[0.320s] Level 1:colcon.colcon_core.package_identification:_identify(/home/prathmesh2931/ey_task4b/src/src/realsense_gazebo_plugin) by extension 'colcon_pkg'
[0.320s] Level 1:colcon.colcon_core.package_identification:_identify(/home/prathmesh2931/ey_task4b/src/src/realsense_gazebo_plugin) by extensions ['colcon_meta']
[0.320s] Level 1:colcon.colcon_core.package_identification:_identify(/home/prathmesh2931/ey_task4b/src/src/realsense_gazebo_plugin) by extension 'colcon_meta'
[0.320s] Level 1:colcon.colcon_core.package_identification:_identify(/home/prathmesh2931/ey_task4b/src/src/realsense_gazebo_plugin) by extensions ['ros']
[0.320s] Level 1:colcon.colcon_core.package_identification:_identify(/home/prathmesh2931/ey_task4b/src/src/realsense_gazebo_plugin) by extension 'ros'
[0.321s] DEBUG:colcon.colcon_core.package_identification:Package '/home/prathmesh2931/ey_task4b/src/src/realsense_gazebo_plugin' with type 'ros.ament_cmake' and name 'realsense_gazebo_plugin'
[0.321s] Level 1:colcon.colcon_core.package_identification:_identify(/home/prathmesh2931/ey_task4b/src/src/servo_msgs) by extensions ['ignore', 'ignore_ament_install']
[0.321s] Level 1:colcon.colcon_core.package_identification:_identify(/home/prathmesh2931/ey_task4b/src/src/servo_msgs) by extension 'ignore'
[0.321s] Level 1:colcon.colcon_core.package_identification:_identify(/home/prathmesh2931/ey_task4b/src/src/servo_msgs) by extension 'ignore_ament_install'
[0.321s] Level 1:colcon.colcon_core.package_identification:_identify(/home/prathmesh2931/ey_task4b/src/src/servo_msgs) by extensions ['colcon_pkg']
[0.321s] Level 1:colcon.colcon_core.package_identification:_identify(/home/prathmesh2931/ey_task4b/src/src/servo_msgs) by extension 'colcon_pkg'
[0.321s] Level 1:colcon.colcon_core.package_identification:_identify(/home/prathmesh2931/ey_task4b/src/src/servo_msgs) by extensions ['colcon_meta']
[0.321s] Level 1:colcon.colcon_core.package_identification:_identify(/home/prathmesh2931/ey_task4b/src/src/servo_msgs) by extension 'colcon_meta'
[0.321s] Level 1:colcon.colcon_core.package_identification:_identify(/home/prathmesh2931/ey_task4b/src/src/servo_msgs) by extensions ['ros']
[0.321s] Level 1:colcon.colcon_core.package_identification:_identify(/home/prathmesh2931/ey_task4b/src/src/servo_msgs) by extension 'ros'
[0.322s] DEBUG:colcon.colcon_core.package_identification:Package '/home/prathmesh2931/ey_task4b/src/src/servo_msgs' with type 'ros.ament_cmake' and name 'servo_msgs'
[0.322s] Level 1:colcon.colcon_core.package_identification:_identify(/home/prathmesh2931/ey_task4b/src/src/ur5_control) by extensions ['ignore', 'ignore_ament_install']
[0.323s] Level 1:colcon.colcon_core.package_identification:_identify(/home/prathmesh2931/ey_task4b/src/src/ur5_control) by extension 'ignore'
[0.323s] Level 1:colcon.colcon_core.package_identification:_identify(/home/prathmesh2931/ey_task4b/src/src/ur5_control) by extension 'ignore_ament_install'
[0.323s] Level 1:colcon.colcon_core.package_identification:_identify(/home/prathmesh2931/ey_task4b/src/src/ur5_control) by extensions ['colcon_pkg']
[0.323s] Level 1:colcon.colcon_core.package_identification:_identify(/home/prathmesh2931/ey_task4b/src/src/ur5_control) by extension 'colcon_pkg'
[0.323s] Level 1:colcon.colcon_core.package_identification:_identify(/home/prathmesh2931/ey_task4b/src/src/ur5_control) by extensions ['colcon_meta']
[0.323s] Level 1:colcon.colcon_core.package_identification:_identify(/home/prathmesh2931/ey_task4b/src/src/ur5_control) by extension 'colcon_meta'
[0.323s] Level 1:colcon.colcon_core.package_identification:_identify(/home/prathmesh2931/ey_task4b/src/src/ur5_control) by extensions ['ros']
[0.323s] Level 1:colcon.colcon_core.package_identification:_identify(/home/prathmesh2931/ey_task4b/src/src/ur5_control) by extension 'ros'
[0.324s] DEBUG:colcon.colcon_core.package_identification:Package '/home/prathmesh2931/ey_task4b/src/src/ur5_control' with type 'ros.ament_python' and name 'ur5_control'
[0.324s] Level 1:colcon.colcon_core.package_identification:_identify(/home/prathmesh2931/ey_task4b/src/src/ur_description) by extensions ['ignore', 'ignore_ament_install']
[0.324s] Level 1:colcon.colcon_core.package_identification:_identify(/home/prathmesh2931/ey_task4b/src/src/ur_description) by extension 'ignore'
[0.324s] Level 1:colcon.colcon_core.package_identification:_identify(/home/prathmesh2931/ey_task4b/src/src/ur_description) by extension 'ignore_ament_install'
[0.325s] Level 1:colcon.colcon_core.package_identification:_identify(/home/prathmesh2931/ey_task4b/src/src/ur_description) by extensions ['colcon_pkg']
[0.325s] Level 1:colcon.colcon_core.package_identification:_identify(/home/prathmesh2931/ey_task4b/src/src/ur_description) by extension 'colcon_pkg'
[0.325s] Level 1:colcon.colcon_core.package_identification:_identify(/home/prathmesh2931/ey_task4b/src/src/ur_description) by extensions ['colcon_meta']
[0.325s] Level 1:colcon.colcon_core.package_identification:_identify(/home/prathmesh2931/ey_task4b/src/src/ur_description) by extension 'colcon_meta'
[0.325s] Level 1:colcon.colcon_core.package_identification:_identify(/home/prathmesh2931/ey_task4b/src/src/ur_description) by extensions ['ros']
[0.325s] Level 1:colcon.colcon_core.package_identification:_identify(/home/prathmesh2931/ey_task4b/src/src/ur_description) by extension 'ros'
[0.326s] DEBUG:colcon.colcon_core.package_identification:Package '/home/prathmesh2931/ey_task4b/src/src/ur_description' with type 'ros.ament_cmake' and name 'ur_description'
[0.326s] Level 1:colcon.colcon_core.package_identification:_identify(/home/prathmesh2931/ey_task4b/src/src/ur_moveit_config) by extensions ['ignore', 'ignore_ament_install']
[0.326s] Level 1:colcon.colcon_core.package_identification:_identify(/home/prathmesh2931/ey_task4b/src/src/ur_moveit_config) by extension 'ignore'
[0.326s] Level 1:colcon.colcon_core.package_identification:_identify(/home/prathmesh2931/ey_task4b/src/src/ur_moveit_config) by extension 'ignore_ament_install'
[0.326s] Level 1:colcon.colcon_core.package_identification:_identify(/home/prathmesh2931/ey_task4b/src/src/ur_moveit_config) by extensions ['colcon_pkg']
[0.327s] Level 1:colcon.colcon_core.package_identification:_identify(/home/prathmesh2931/ey_task4b/src/src/ur_moveit_config) by extension 'colcon_pkg'
[0.327s] Level 1:colcon.colcon_core.package_identification:_identify(/home/prathmesh2931/ey_task4b/src/src/ur_moveit_config) by extensions ['colcon_meta']
[0.327s] Level 1:colcon.colcon_core.package_identification:_identify(/home/prathmesh2931/ey_task4b/src/src/ur_moveit_config) by extension 'colcon_meta'
[0.327s] Level 1:colcon.colcon_core.package_identification:_identify(/home/prathmesh2931/ey_task4b/src/src/ur_moveit_config) by extensions ['ros']
[0.327s] Level 1:colcon.colcon_core.package_identification:_identify(/home/prathmesh2931/ey_task4b/src/src/ur_moveit_config) by extension 'ros'
[0.328s] DEBUG:colcon.colcon_core.package_identification:Package '/home/prathmesh2931/ey_task4b/src/src/ur_moveit_config' with type 'ros.ament_cmake' and name 'ur_moveit_config'
[0.328s] Level 1:colcon.colcon_core.package_identification:_identify(/home/prathmesh2931/ey_task4b/src/src/ur_simulation_gazebo) by extensions ['ignore', 'ignore_ament_install']
[0.328s] Level 1:colcon.colcon_core.package_identification:_identify(/home/prathmesh2931/ey_task4b/src/src/ur_simulation_gazebo) by extension 'ignore'
[0.328s] Level 1:colcon.colcon_core.package_identification:_identify(/home/prathmesh2931/ey_task4b/src/src/ur_simulation_gazebo) by extension 'ignore_ament_install'
[0.328s] Level 1:colcon.colcon_core.package_identification:_identify(/home/prathmesh2931/ey_task4b/src/src/ur_simulation_gazebo) by extensions ['colcon_pkg']
[0.328s] Level 1:colcon.colcon_core.package_identification:_identify(/home/prathmesh2931/ey_task4b/src/src/ur_simulation_gazebo) by extension 'colcon_pkg'
[0.328s] Level 1:colcon.colcon_core.package_identification:_identify(/home/prathmesh2931/ey_task4b/src/src/ur_simulation_gazebo) by extensions ['colcon_meta']
[0.328s] Level 1:colcon.colcon_core.package_identification:_identify(/home/prathmesh2931/ey_task4b/src/src/ur_simulation_gazebo) by extension 'colcon_meta'
[0.328s] Level 1:colcon.colcon_core.package_identification:_identify(/home/prathmesh2931/ey_task4b/src/src/ur_simulation_gazebo) by extensions ['ros']
[0.328s] Level 1:colcon.colcon_core.package_identification:_identify(/home/prathmesh2931/ey_task4b/src/src/ur_simulation_gazebo) by extension 'ros'
[0.329s] DEBUG:colcon.colcon_core.package_identification:Package '/home/prathmesh2931/ey_task4b/src/src/ur_simulation_gazebo' with type 'ros.ament_cmake' and name 'ur_simulation_gazebo'
[0.329s] Level 1:colcon.colcon_core.package_discovery:discover_packages(recursive) using defaults
